<?xml version="1.0" encoding="UTF-8"?>
<!-- Generated by org.testng.reporters.JUnitReportReporter -->
<testsuite hostname="LAPTOP-DODIBQIH" failures="0" tests="1" name="testcases.AddToWishlist" time="18.606" errors="0" timestamp="2025-09-24T15:16:33 IST" skipped="0">
  <testcase classname="testcases.AddToWishlist" name="login" time="18.606"/>
</testsuite> <!-- testcases.AddToWishlist -->
