<?xml version="1.0" encoding="UTF-8"?>
<!-- Generated by org.testng.reporters.JUnitReportReporter -->
<testsuite hostname="LAPTOP-DODIBQIH" failures="0" tests="2" name="testcases.LoginTest" time="32.574" errors="0" timestamp="2025-09-24T15:38:55 IST" skipped="0">
  <testcase classname="testcases.LoginTest" name="login" time="16.422"/>
  <testcase classname="testcases.LoginTest" name="login" time="16.152"/>
</testsuite> <!-- testcases.LoginTest -->
