<?xml version="1.0" encoding="UTF-8"?>
<!-- Generated by org.testng.reporters.JUnitReportReporter -->
<testsuite hostname="LAPTOP-DODIBQIH" failures="0" tests="1" name="testcases.AccountRegistration" time="10.419" errors="0" timestamp="2025-09-16T21:23:47 IST" skipped="0">
  <testcase classname="testcases.AccountRegistration" name="registration" time="10.419"/>
</testsuite> <!-- testcases.AccountRegistration -->
