<?xml version="1.0" encoding="UTF-8"?>
<!-- Generated by org.testng.reporters.JUnitReportReporter -->
<testsuite hostname="LAPTOP-DODIBQIH" failures="0" tests="1" name="testcases.LoginTest" time="9.433" errors="0" timestamp="2025-09-16T13:52:23 IST" skipped="0">
  <testcase classname="testcases.LoginTest" name="login" time="9.433"/>
</testsuite> <!-- testcases.LoginTest -->
